<?xml version="1.0" encoding="UTF-8"?>
<!-- Generated by org.testng.reporters.JUnitReportReporter -->
<testsuite skipped="0" hostname="LP0988" name="Test.BuySomething" tests="1" failures="0" timestamp="2021-02-08T16:46:37 BRT" time="17.560" errors="0">
  <testcase name="buySomethingTest" time="17.560" classname="Test.BuySomething"/>
  <system-out/>
</testsuite> <!-- Test.BuySomething -->
