<?xml version="1.0" encoding="UTF-8"?>
<!-- Generated by org.testng.reporters.JUnitReportReporter -->
<testsuite hostname="LP0988" failures="0" tests="1" name="Steps.TestingLeroyMerlin" time="21.133" errors="0" timestamp="2021-02-12T10:31:01 BRT" skipped="0">
  <testcase classname="Steps.TestingLeroyMerlin" name="registerAccountTest" time="21.133"/>
  <system-out/>
</testsuite> <!-- Steps.TestingLeroyMerlin -->
