<?xml version="1.0" encoding="UTF-8"?>
<!-- Generated by org.testng.reporters.JUnitReportReporter -->
<testsuite skipped="0" hostname="LP0988" name="Steps.TestingLeroyMerlin" tests="2" failures="0" timestamp="2021-02-10T12:43:54 BRT" time="29.572" errors="0">
  <testcase name="chooseAndCart" time="10.711" classname="Steps.TestingLeroyMerlin"/>
  <system-out/>
  <testcase name="registerAccountTest" time="18.861" classname="Steps.TestingLeroyMerlin"/>
  <system-out/>
</testsuite> <!-- Steps.TestingLeroyMerlin -->
