<?xml version="1.0" encoding="UTF-8"?>
<!-- Generated by org.testng.reporters.JUnitReportReporter -->
<testsuite skipped="0" hostname="LP0988" name="Steps.TestingLeroyMerlin" tests="1" failures="0" timestamp="2021-02-11T16:31:52 BRT" time="28.594" errors="0">
  <testcase name="chooseAndCart" time="28.594" classname="Steps.TestingLeroyMerlin"/>
  <system-out/>
</testsuite> <!-- Steps.TestingLeroyMerlin -->
