<?xml version="1.0" encoding="UTF-8"?>
<!-- Generated by org.testng.reporters.JUnitReportReporter -->
<testsuite skipped="0" hostname="LP0988" name="Test.TestingLeroyMerlin" tests="1" failures="0" timestamp="2021-02-09T12:43:23 BRT" time="31.530" errors="0">
  <testcase name="chooseAndCart" time="31.530" classname="Test.TestingLeroyMerlin"/>
  <system-out/>
</testsuite> <!-- Test.TestingLeroyMerlin -->
